        -:    0:Source:queue_driver.cpp
        -:    0:Graph:queue_driver.gcno
        -:    0:Data:queue_driver.gcda
        -:    0:Runs:1
        -:    0:Programs:1
        -:    1:#include "queue.h"
        -:    2:#include <iostream>
        -:    3:
        -:    4:using namespace std;
        -:    5:
        1:    6:int queue_driver()
        -:    7:{
        -:    8:int item; 
        -:    9:
        1:   10:Queue A_queue(100);
        -:   11:
       11:   12:for(int i=0;i<10;i++)
        -:   13:  {
       10:   14:   cout << "pushed item was " << i << endl;
       10:   15:   A_queue.Enqueue(i);
        -:   16:  }
       11:   17:for(int i=0;i<10;i++)
        -:   18:  {
       10:   19:   A_queue.Dequeue(item);
       10:   20:   cout << "returned item was " << item << endl;
        -:   21:  }
        1:   22:  return 0;     // ADDED A RETURN STATMENT
        3:   23:}
